<?xml version="1.0" encoding="UTF-8"?>
<!-- Generated by org.testng.reporters.JUnitReportReporter -->
<testsuite hostname="LAPTOP-0F50EI7N" failures="0" tests="1" name="com.automationpractice.login.LoginTestThree" time="14.106" errors="0" timestamp="10 May 2020 02:08:10 GMT" skipped="0">
  <testcase classname="com.automationpractice.login.LoginTestThree" name="Login_with_valid_userid_and_password" time="14.106"/>
</testsuite> <!-- com.automationpractice.login.LoginTestThree -->
