<?xml version="1.0" encoding="UTF-8"?>
<!-- Generated by org.testng.reporters.JUnitReportReporter -->
<testsuite hostname="LAPTOP-0F50EI7N" failures="0" tests="4" name="com.automationpractice.parallel.RegistrationTests" time="88.140" errors="0" timestamp="11 May 2020 22:17:01 GMT" skipped="0">
  <testcase classname="com.automationpractice.parallel.RegistrationTests" name="registration_test2" time="12.512"/>
  <testcase classname="com.automationpractice.parallel.RegistrationTests" name="registration_test1" time="16.286"/>
  <testcase classname="com.automationpractice.parallel.RegistrationTests" name="registration_test3" time="20.698"/>
  <testcase classname="com.automationpractice.parallel.RegistrationTests" name="registration_test4" time="38.644"/>
</testsuite> <!-- com.automationpractice.parallel.RegistrationTests -->
