<?xml version="1.0" encoding="UTF-8"?>
<!-- Generated by org.testng.reporters.JUnitReportReporter -->
<testsuite hostname="LAPTOP-0F50EI7N" failures="0" tests="1" name="com.automationpractice.profile.ProfileTestThree" time="45.569" errors="0" timestamp="06 May 2020 03:36:32 GMT" skipped="0">
  <testcase classname="com.automationpractice.profile.ProfileTestThree" name="Create_delete_wish_list" time="45.569"/>
</testsuite> <!-- com.automationpractice.profile.ProfileTestThree -->
