<?xml version="1.0" encoding="UTF-8"?>
<!-- Generated by org.testng.reporters.JUnitReportReporter -->
<testsuite hostname="LAPTOP-0F50EI7N" failures="0" tests="1" name="com.automationpractice.search.SearchTestFive" time="12.953" errors="0" timestamp="06 May 2020 20:25:37 GMT" skipped="0">
  <testcase classname="com.automationpractice.search.SearchTestFive" name="Simple_search_and_view_as_grid_and_list" time="12.953"/>
</testsuite> <!-- com.automationpractice.search.SearchTestFive -->
