<?xml version="1.0" encoding="UTF-8"?>
<!-- Generated by org.testng.reporters.JUnitReportReporter -->
<testsuite hostname="LAPTOP-0F50EI7N" failures="0" tests="1" name="com.automationpractice.product.ProductTestFour" time="19.468" errors="0" timestamp="09 May 2020 02:59:30 GMT" skipped="0">
  <testcase classname="com.automationpractice.product.ProductTestFour" name="product_compare" time="19.468"/>
</testsuite> <!-- com.automationpractice.product.ProductTestFour -->
