<?xml version="1.0" encoding="UTF-8"?>
<!-- Generated by org.testng.reporters.JUnitReportReporter -->
<testsuite hostname="LAPTOP-0F50EI7N" failures="0" tests="1" name="com.automationpractice.login.LoginTestone" time="11.846" errors="0" timestamp="10 May 2020 02:07:42 GMT" skipped="0">
  <testcase classname="com.automationpractice.login.LoginTestone" name="Login_with_invalid_userid" time="11.846"/>
</testsuite> <!-- com.automationpractice.login.LoginTestone -->
