<?xml version="1.0" encoding="UTF-8"?>
<!-- Generated by org.testng.reporters.JUnitReportReporter -->
<testsuite hostname="LAPTOP-0F50EI7N" failures="0" tests="4" name="com.automationpractice.parallel.PurchaseTests" time="146.761" errors="0" timestamp="11 May 2020 22:17:01 GMT" skipped="0">
  <testcase classname="com.automationpractice.parallel.PurchaseTests" name="product_test1" time="71.994"/>
  <testcase classname="com.automationpractice.parallel.PurchaseTests" name="product_test3" time="24.103"/>
  <testcase classname="com.automationpractice.parallel.PurchaseTests" name="product_test2" time="23.334"/>
  <testcase classname="com.automationpractice.parallel.PurchaseTests" name="product_test4" time="27.330"/>
</testsuite> <!-- com.automationpractice.parallel.PurchaseTests -->
