<?xml version="1.0" encoding="UTF-8"?>
<!-- Generated by org.testng.reporters.JUnitReportReporter -->
<testsuite hostname="LAPTOP-0F50EI7N" failures="0" tests="4" name="com.automationpractice.parallel.LoginTests" time="49.595" errors="0" timestamp="11 May 2020 22:17:01 GMT" skipped="0">
  <testcase classname="com.automationpractice.parallel.LoginTests" name="login_test4" time="13.616"/>
  <testcase classname="com.automationpractice.parallel.LoginTests" name="login_test2" time="9.061"/>
  <testcase classname="com.automationpractice.parallel.LoginTests" name="login_test1" time="9.250"/>
  <testcase classname="com.automationpractice.parallel.LoginTests" name="login_test3" time="17.668"/>
</testsuite> <!-- com.automationpractice.parallel.LoginTests -->
