<?xml version="1.0" encoding="UTF-8"?>
<!-- Generated by org.testng.reporters.JUnitReportReporter -->
<testsuite hostname="LAPTOP-0F50EI7N" failures="0" tests="1" name="com.automationpractice.search.SearchTestSeven" time="10.072" errors="0" timestamp="06 May 2020 03:59:04 GMT" skipped="0">
  <testcase classname="com.automationpractice.search.SearchTestSeven" name="auto_suggestion" time="10.072"/>
</testsuite> <!-- com.automationpractice.search.SearchTestSeven -->
