<?xml version="1.0" encoding="UTF-8"?>
<!-- Generated by org.testng.reporters.JUnitReportReporter -->
<testsuite hostname="LAPTOP-0F50EI7N" failures="0" tests="1" name="com.automationpractice.search.SearchTestFour" time="10.680" errors="0" timestamp="06 May 2020 03:53:34 GMT" skipped="0">
  <testcase classname="com.automationpractice.search.SearchTestFour" name="negative_search" time="10.680"/>
</testsuite> <!-- com.automationpractice.search.SearchTestFour -->
