<?xml version="1.0" encoding="UTF-8"?>
<!-- Generated by org.testng.reporters.JUnitReportReporter -->
<testsuite hostname="LAPTOP-0F50EI7N" failures="0" tests="4" name="com.automationpractice.parallel.OrderTests" time="70.499" errors="0" timestamp="11 May 2020 22:17:01 GMT" skipped="0">
  <testcase classname="com.automationpractice.parallel.OrderTests" name="order_test4" time="13.918"/>
  <testcase classname="com.automationpractice.parallel.OrderTests" name="order_test2" time="24.559"/>
  <testcase classname="com.automationpractice.parallel.OrderTests" name="order_test1" time="16.204"/>
  <testcase classname="com.automationpractice.parallel.OrderTests" name="order_test3" time="15.818"/>
</testsuite> <!-- com.automationpractice.parallel.OrderTests -->
