<?xml version="1.0" encoding="UTF-8"?>
<!-- Generated by org.testng.reporters.JUnitReportReporter -->
<testsuite hostname="LAPTOP-0F50EI7N" failures="0" tests="1" name="com.automationpractice.product.ProductTestThree" time="13.728" errors="0" timestamp="07 May 2020 03:42:56 GMT" skipped="0">
  <testcase classname="com.automationpractice.product.ProductTestThree" name="Colour_choosing_on_product" time="13.728"/>
</testsuite> <!-- com.automationpractice.product.ProductTestThree -->
