<?xml version="1.0" encoding="UTF-8"?>
<!-- Generated by org.testng.reporters.JUnitReportReporter -->
<testsuite hostname="LAPTOP-0F50EI7N" failures="0" tests="1" name="com.automationpractice.search.SearchTestSix" time="16.680" errors="0" timestamp="06 May 2020 03:57:39 GMT" skipped="0">
  <testcase classname="com.automationpractice.search.SearchTestSix" name="search_and_view" time="16.680"/>
</testsuite> <!-- com.automationpractice.search.SearchTestSix -->
