<?xml version="1.0" encoding="UTF-8"?>
<!-- Generated by org.testng.reporters.JUnitReportReporter -->
<testsuite hostname="LAPTOP-0F50EI7N" failures="0" tests="1" name="net.automationpractice.com.RegistrationTests" time="9.530" errors="0" timestamp="10 May 2020 22:00:34 GMT" skipped="0">
  <testcase classname="net.automationpractice.com.RegistrationTests" name="registratin_form" time="9.530"/>
</testsuite> <!-- net.automationpractice.com.RegistrationTests -->
