<?xml version="1.0" encoding="UTF-8"?>
<!-- Generated by org.testng.reporters.JUnitReportReporter -->
<testsuite hostname="LAPTOP-0F50EI7N" failures="0" tests="1" name="com.automationpractice.profile.ProfileTestOne" time="16.981" errors="0" timestamp="06 May 2020 03:34:07 GMT" skipped="0">
  <testcase classname="com.automationpractice.profile.ProfileTestOne" name="Update_name_in_User_Profile" time="16.981"/>
</testsuite> <!-- com.automationpractice.profile.ProfileTestOne -->
