<?xml version="1.0" encoding="UTF-8"?>
<!-- Generated by org.testng.reporters.JUnitReportReporter -->
<testsuite hostname="LAPTOP-0F50EI7N" failures="0" tests="1" name="com.automationpractice.registration.RegistrationTwo" time="12.986" errors="0" timestamp="06 May 2020 03:44:12 GMT" skipped="0">
  <testcase classname="com.automationpractice.registration.RegistrationTwo" name="Register_a_new_account_with_missing_required_fields" time="12.986"/>
</testsuite> <!-- com.automationpractice.registration.RegistrationTwo -->
