<?xml version="1.0" encoding="UTF-8"?>
<!-- Generated by org.testng.reporters.JUnitReportReporter -->
<testsuite hostname="LAPTOP-0F50EI7N" failures="0" tests="1" name="com.automationpractice.search.SearchTestOne" time="16.719" errors="0" timestamp="07 May 2020 20:01:57 GMT" skipped="0">
  <testcase classname="com.automationpractice.search.SearchTestOne" name="price_range_Search" time="16.719"/>
</testsuite> <!-- com.automationpractice.search.SearchTestOne -->
