<?xml version="1.0" encoding="UTF-8"?>
<!-- Generated by org.testng.reporters.JUnitReportReporter -->
<testsuite hostname="LAPTOP-0F50EI7N" failures="0" tests="1" name="com.automationpractice.product.ProductTestTwo" time="13.653" errors="0" timestamp="07 May 2020 03:37:11 GMT" skipped="0">
  <testcase classname="com.automationpractice.product.ProductTestTwo" name="Discount_product_listing" time="13.653"/>
</testsuite> <!-- com.automationpractice.product.ProductTestTwo -->
