<?xml version="1.0" encoding="UTF-8"?>
<!-- Generated by org.testng.reporters.JUnitReportReporter -->
<testsuite hostname="LAPTOP-0F50EI7N" failures="0" tests="1" name="com.automationpractice.search.SearchTestEight" time="10.667" errors="0" timestamp="10 May 2020 02:10:05 GMT" skipped="0">
  <testcase classname="com.automationpractice.search.SearchTestEight" name="Search_with_filter" time="10.667"/>
</testsuite> <!-- com.automationpractice.search.SearchTestEight -->
