<?xml version="1.0" encoding="UTF-8"?>
<!-- Generated by org.testng.reporters.JUnitReportReporter -->
<testsuite hostname="LAPTOP-0F50EI7N" failures="0" tests="1" name="com.automationpractice.parameters.TestNGParameters" time="13.296" errors="0" timestamp="12 May 2020 02:11:02 GMT" skipped="0">
  <testcase classname="com.automationpractice.parameters.TestNGParameters" name="test_Ng_para" time="13.296"/>
</testsuite> <!-- com.automationpractice.parameters.TestNGParameters -->
