<?xml version="1.0" encoding="UTF-8"?>
<!-- Generated by org.testng.reporters.JUnitReportReporter -->
<testsuite hostname="LAPTOP-0F50EI7N" failures="0" tests="1" name="com.automationpractice.registration.RegistrationOne" time="14.003" errors="0" timestamp="06 May 2020 03:43:49 GMT" skipped="0">
  <testcase classname="com.automationpractice.registration.RegistrationOne" name="account_with_missing_required_fields" time="14.003"/>
</testsuite> <!-- com.automationpractice.registration.RegistrationOne -->
