<?xml version="1.0" encoding="UTF-8"?>
<!-- Generated by org.testng.reporters.JUnitReportReporter -->
<testsuite hostname="LAPTOP-0F50EI7N" failures="0" tests="1" name="com.automationpractice.login.LoginTestTwo" time="12.249" errors="0" timestamp="10 May 2020 02:09:01 GMT" skipped="0">
  <testcase classname="com.automationpractice.login.LoginTestTwo" name="Login_with_valid_userid_but_invalid_password" time="12.249"/>
</testsuite> <!-- com.automationpractice.login.LoginTestTwo -->
