<?xml version="1.0" encoding="UTF-8"?>
<!-- Generated by org.testng.reporters.JUnitReportReporter -->
<testsuite hostname="LAPTOP-0F50EI7N" failures="0" tests="2" name="net.automationpractice.com.LoginTests" time="19.906" errors="0" timestamp="10 May 2020 22:00:34 GMT" skipped="0">
  <testcase classname="net.automationpractice.com.LoginTests" name="login_001_login_with_valid_userid" time="9.746"/>
  <testcase classname="net.automationpractice.com.LoginTests" name="login_002_login_with_valid_userid_but_invalid_password" time="10.160"/>
</testsuite> <!-- net.automationpractice.com.LoginTests -->
