<?xml version="1.0" encoding="UTF-8"?>
<!-- Generated by org.testng.reporters.JUnitReportReporter -->
<testsuite hostname="LAPTOP-0F50EI7N" failures="0" tests="1" name="com.automationpractice.purchase.purchaseTwo" time="24.013" errors="0" timestamp="09 May 2020 02:54:30 GMT" skipped="0">
  <testcase classname="com.automationpractice.purchase.purchaseTwo" name="add_remove_items_in_cart" time="24.013"/>
</testsuite> <!-- com.automationpractice.purchase.purchaseTwo -->
