<?xml version="1.0" encoding="UTF-8"?>
<!-- Generated by org.testng.reporters.JUnitReportReporter -->
<testsuite hostname="LAPTOP-0F50EI7N" failures="0" tests="1" name="net.automationpractice.login.LoginTests" time="9.276" errors="0" timestamp="05 May 2020 23:19:06 GMT" skipped="0">
  <testcase classname="net.automationpractice.login.LoginTests" name="login_with_valid_userid" time="9.276"/>
</testsuite> <!-- net.automationpractice.login.LoginTests -->
