<?xml version="1.0" encoding="UTF-8"?>
<!-- Generated by org.testng.reporters.JUnitReportReporter -->
<testsuite hostname="LAPTOP-0F50EI7N" failures="0" tests="1" name="com.automationpractice.product.ProductTest1" time="19.380" errors="0" timestamp="2020-04-25T21:48:04 EDT" skipped="0">
  <testcase classname="com.automationpractice.product.ProductTest1" name="product_compare" time="19.380"/>
  <system-out/>
</testsuite> <!-- com.automationpractice.product.ProductTest1 -->
