<?xml version="1.0" encoding="UTF-8"?>
<!-- Generated by org.testng.reporters.JUnitReportReporter -->
<testsuite hostname="LAPTOP-0F50EI7N" failures="0" tests="3" name="com.automationpractice.login.LoginTests" time="42.367" errors="0" timestamp="2020-05-02T23:59:42 EDT" skipped="0">
  <testcase classname="com.automationpractice.login.LoginTests" name="Login_with_valid_userid_but_invalid_password" time="14.484"/>
  <system-out/>
  <testcase classname="com.automationpractice.login.LoginTests" name="Login_with_valid_userid_and_password" time="15.535"/>
  <system-out/>
  <testcase classname="com.automationpractice.login.LoginTests" name="Login_with_invalid_userid" time="12.348"/>
  <system-out/>
</testsuite> <!-- com.automationpractice.login.LoginTests -->
