<?xml version="1.0" encoding="UTF-8"?>
<!-- Generated by org.testng.reporters.JUnitReportReporter -->
<testsuite hostname="LAPTOP-0F50EI7N" failures="0" tests="1" name="com.demo.practice.JavaScriptExecution" time="9.575" errors="0" timestamp="2020-04-26T18:44:50 EDT" skipped="0">
  <testcase classname="com.demo.practice.JavaScriptExecution" name="javaScrip" time="9.575"/>
  <system-out/>
</testsuite> <!-- com.demo.practice.JavaScriptExecution -->
