<?xml version="1.0" encoding="UTF-8"?>
<!-- Generated by org.testng.reporters.JUnitReportReporter -->
<testsuite hostname="LAPTOP-0F50EI7N" failures="0" tests="1" name="com.automationpractice.product.ProductTest2" time="8.357" errors="0" timestamp="2020-04-25T23:56:36 EDT" skipped="0">
  <testcase classname="com.automationpractice.product.ProductTest2" name="Discount_product_listing" time="8.357"/>
  <system-out/>
</testsuite> <!-- com.automationpractice.product.ProductTest2 -->
