<?xml version="1.0" encoding="UTF-8"?>
<!-- Generated by org.testng.reporters.JUnitReportReporter -->
<testsuite hostname="LAPTOP-0F50EI7N" failures="0" tests="1" name="com.action.practice.ActionPractice" time="7.300" errors="0" timestamp="2020-04-04T16:29:46 EDT" skipped="0">
  <testcase classname="com.action.practice.ActionPractice" name="dragAndDrop" time="7.300"/>
  <system-out/>
</testsuite> <!-- com.action.practice.ActionPractice -->
