<?xml version="1.0" encoding="UTF-8"?>
<!-- Generated by org.testng.reporters.JUnitReportReporter -->
<testsuite hostname="LAPTOP-0F50EI7N" failures="0" tests="3" name="net.automationpractice.login.LoginTests" time="55.910" errors="0" timestamp="2020-05-02T01:02:59 EDT" skipped="0">
  <testcase classname="net.automationpractice.login.LoginTests" name="login_with_invalid_userid_and_psd" time="12.612"/>
  <system-out/>
  <testcase classname="net.automationpractice.login.LoginTests" name="login_with_valid_userid_and_invalid_pwd" time="21.387"/>
  <system-out/>
  <testcase classname="net.automationpractice.login.LoginTests" name="login_with_valid_userid_and_pwd" time="21.911"/>
  <system-out/>
</testsuite> <!-- net.automationpractice.login.LoginTests -->
