<?xml version="1.0" encoding="UTF-8"?>
<!-- Generated by org.testng.reporters.JUnitReportReporter -->
<testsuite hostname="LAPTOP-0F50EI7N" failures="0" tests="1" name="com.automationpractice.product.ProductTest3" time="13.767" errors="0" timestamp="2020-05-02T15:29:38 EDT" skipped="0">
  <testcase classname="com.automationpractice.product.ProductTest3" name="Colour_choosing_on_product" time="13.767"/>
  <system-out/>
</testsuite> <!-- com.automationpractice.product.ProductTest3 -->
