<?xml version="1.0" encoding="UTF-8"?>
<!-- Generated by org.testng.reporters.JUnitReportReporter -->
<testsuite hostname="LAPTOP-0F50EI7N" failures="0" tests="3" name="net.automationpractice.registration.ResgistrationTests" time="36.083" errors="0" timestamp="2020-05-02T01:02:59 EDT" skipped="0">
  <testcase classname="net.automationpractice.registration.ResgistrationTests" name="register_missing_required_fields_only" time="14.320"/>
  <system-out/>
  <testcase classname="net.automationpractice.registration.ResgistrationTests" name="register_partial_required_fields_only" time="8.079"/>
  <system-out/>
  <testcase classname="net.automationpractice.registration.ResgistrationTests" name="register_with_required_fields_only" time="13.684"/>
  <system-out/>
</testsuite> <!-- net.automationpractice.registration.ResgistrationTests -->
