<?xml version="1.0" encoding="UTF-8"?>
<!-- Generated by org.testng.reporters.JUnitReportReporter -->
<testsuite hostname="LAPTOP-0F50EI7N" failures="0" tests="4" name="com.demo.practice.DataProviderOne" time="38.589" errors="0" timestamp="2020-04-27T23:10:30 EDT" skipped="0">
  <testcase classname="com.demo.practice.DataProviderOne" name="sampleOne" time="8.744"/>
  <system-out/>
  <testcase classname="com.demo.practice.DataProviderOne" name="sampleOne" time="9.420"/>
  <system-out/>
  <testcase classname="com.demo.practice.DataProviderOne" name="sampleOne" time="11.933"/>
  <system-out/>
  <testcase classname="com.demo.practice.DataProviderOne" name="sampleOne" time="8.492"/>
  <system-out/>
</testsuite> <!-- com.demo.practice.DataProviderOne -->
