<?xml version="1.0" encoding="UTF-8"?>
<!-- Generated by org.testng.reporters.JUnitReportReporter -->
<testsuite hostname="LAPTOP-0F50EI7N" failures="0" tests="1" name="com.demo.practice.LoopDemo" time="12.627" errors="0" timestamp="2020-04-07T13:05:57 EDT" skipped="0">
  <testcase classname="com.demo.practice.LoopDemo" name="checkBox" time="12.627"/>
  <system-out/>
</testsuite> <!-- com.demo.practice.LoopDemo -->
