<?xml version="1.0" encoding="UTF-8"?>
<!-- Generated by org.testng.reporters.JUnitReportReporter -->
<testsuite hostname="LAPTOP-0F50EI7N" failures="0" tests="1" name="com.automationpractice.profile.ProfileTest1" time="13.104" errors="0" timestamp="2020-04-25T23:51:28 EDT" skipped="0">
  <testcase classname="com.automationpractice.profile.ProfileTest1" name="Update_name_in_User_Profile" time="13.104"/>
  <system-out/>
</testsuite> <!-- com.automationpractice.profile.ProfileTest1 -->
