<?xml version="1.0" encoding="UTF-8"?>
<!-- Generated by org.testng.reporters.JUnitReportReporter -->
<testsuite hostname="LAPTOP-0F50EI7N" failures="0" tests="1" name="com.automationpractice.search.SearchTest8" time="12.468" errors="0" timestamp="2020-04-20T15:51:07 EDT" skipped="0">
  <testcase classname="com.automationpractice.search.SearchTest8" name="Search_with_filter" time="12.468"/>
  <system-out/>
</testsuite> <!-- com.automationpractice.search.SearchTest8 -->
