<?xml version="1.0" encoding="UTF-8"?>
<!-- Generated by org.testng.reporters.JUnitReportReporter -->
<testsuite hostname="LAPTOP-0F50EI7N" failures="0" tests="1" name="com.automationpractice.search.SearchTest4" time="10.801" errors="0" timestamp="2020-04-19T21:33:59 EDT" skipped="0">
  <testcase classname="com.automationpractice.search.SearchTest4" name="negative_search" time="10.801"/>
  <system-out/>
</testsuite> <!-- com.automationpractice.search.SearchTest4 -->
