<?xml version="1.0" encoding="UTF-8"?>
<!-- Generated by org.testng.reporters.JUnitReportReporter -->
<testsuite hostname="LAPTOP-0F50EI7N" failures="0" tests="1" name="com.automationpractice.search.SearchTest1" time="14.751" errors="0" timestamp="2020-04-22T21:15:55 EDT" skipped="0">
  <testcase classname="com.automationpractice.search.SearchTest1" name="price_range_Search" time="14.751"/>
  <system-out/>
</testsuite> <!-- com.automationpractice.search.SearchTest1 -->
