<?xml version="1.0" encoding="UTF-8"?>
<!-- Generated by org.testng.reporters.JUnitReportReporter -->
<testsuite hostname="LAPTOP-0F50EI7N" failures="0" tests="1" name="com.automationpractice.registration.RegistrationTest2" time="15.256" errors="0" timestamp="2020-05-02T15:58:06 EDT" skipped="0">
  <testcase classname="com.automationpractice.registration.RegistrationTest2" name="registration_new_account" time="15.256"/>
  <system-out/>
</testsuite> <!-- com.automationpractice.registration.RegistrationTest2 -->
