<?xml version="1.0" encoding="UTF-8"?>
<!-- Generated by org.testng.reporters.JUnitReportReporter -->
<testsuite hostname="LAPTOP-0F50EI7N" failures="0" tests="1" name="com.automationpractice.search.SearchTest5" time="9.574" errors="0" timestamp="2020-04-21T18:43:53 EDT" skipped="0">
  <testcase classname="com.automationpractice.search.SearchTest5" name="Simple_search_and_view_as_grid_and_list" time="9.574"/>
  <system-out/>
</testsuite> <!-- com.automationpractice.search.SearchTest5 -->
