<?xml version="1.0" encoding="UTF-8"?>
<!-- Generated by org.testng.reporters.JUnitReportReporter -->
<testsuite hostname="LAPTOP-0F50EI7N" failures="0" tests="1" name="com.automationpractice.profile.ProfileTest2" time="21.326" errors="0" timestamp="2020-04-25T21:36:00 EDT" skipped="0">
  <testcase classname="com.automationpractice.profile.ProfileTest2" name="Create_delete_wish_list" time="21.326"/>
  <system-out/>
</testsuite> <!-- com.automationpractice.profile.ProfileTest2 -->
